1635768738103:hint
1635768741835:add 1 2
1635768752467:add 40 50
1635769368129:exit
1635769717169:add 1 3
1635769719619:help
1635769796097:add 1 2
1635769798771:help
1635769810984:add 1 2
1635769817043:help
1635769828003:exit
1635774706920:help
1635774714706:admin-admin
1635774720167:get-admin-admin
1635774896960:help
1635774905295:get-admin-admin
1635779859011:help
1635779866128:get-account-type 1
1635779901993:stacktrace
1635780010675:help
1635780019739:get-account-type admin
1636002628172:help
1636002636576:sign in privileged admin admin
1636002643010:stacktrace
1636002793498:help
1636002800218:sign in privileged admin admin
1636002806542:stacktrace
1636002850164:sign in privileged admin admin
1636007129777:stacktrace
1636007146472:sign in privileged admin admin
1636269093177:help
1636269099758:sign in privileged admin admin
1636291920905:help
1636291929002:encode-password admin
1636291939393:sign in privileged admin admin
1636291944509:sign out
1636292568488:help
1636292573151:describe account
1636292582842:sign in privileged admin admin
1636292588087:describe account
1636292662382:sign out
1636292667984:describe account
1636873842525:exit
1636904145848:sign out
1636904148431:help
